2017-12-07 03:03:42 WARN  [jdk-http-server-0] org.hibernate.ejb.HibernatePersistence: HHH015016: Encountered a deprecated javax.persistence.spi.PersistenceProvider [org.hibernate.ejb.HibernatePersistence]; use [org.hibernate.jpa.HibernatePersistenceProvider] instead.
2017-12-07 03:03:42 WARN  [jdk-http-server-0] org.hibernate.ejb.HibernatePersistence: HHH015016: Encountered a deprecated javax.persistence.spi.PersistenceProvider [org.hibernate.ejb.HibernatePersistence]; use [org.hibernate.jpa.HibernatePersistenceProvider] instead.
2017-12-07 03:03:42 INFO  [jdk-http-server-0] org.hibernate.jpa.internal.util.LogHelper: HHH000204: Processing PersistenceUnitInfo [
	name: gameserver
	...]
2017-12-07 03:03:42 INFO  [jdk-http-server-0] org.hibernate.Version: HHH000412: Hibernate Core {5.2.11.Final}
2017-12-07 03:03:42 INFO  [jdk-http-server-0] org.hibernate.cfg.Environment: HHH000206: hibernate.properties not found
2017-12-07 03:03:43 INFO  [jdk-http-server-0] org.hibernate.annotations.common.Version: HCANN000001: Hibernate Commons Annotations {5.0.1.Final}
2017-12-07 03:03:43 INFO  [jdk-http-server-0] org.hibernate.dialect.Dialect: HHH000400: Using dialect: org.hibernate.dialect.SQLiteDialect
2017-12-07 03:03:43 WARN  [jdk-http-server-0] org.hibernate.orm.connections.pooling: HHH10001002: Using Hibernate built-in connection pool (not for production use!)
2017-12-07 03:03:43 INFO  [jdk-http-server-0] org.hibernate.orm.connections.pooling: HHH10001005: using driver [org.sqlite.JDBC] at URL [jdbc:sqlite:mydb.db]
2017-12-07 03:03:43 INFO  [jdk-http-server-0] org.hibernate.orm.connections.pooling: HHH10001001: Connection properties: {}
2017-12-07 03:03:43 INFO  [jdk-http-server-0] org.hibernate.orm.connections.pooling: HHH10001003: Autocommit mode: false
2017-12-07 03:03:43 INFO  [jdk-http-server-0] org.hibernate.engine.jdbc.connections.internal.DriverManagerConnectionProviderImpl: HHH000115: Hibernate connection pool size: 20 (min=1)
2017-12-07 03:03:43 INFO  [jdk-http-server-0] org.hibernate.dialect.Dialect: HHH000400: Using dialect: org.hibernate.dialect.SQLiteDialect
2017-12-07 03:03:43 INFO  [jdk-http-server-0] org.hibernate.engine.jdbc.env.internal.LobCreatorBuilderImpl: HHH000423: Disabling contextual LOB creation as JDBC driver reported JDBC version [2] less than 4
2017-12-07 03:03:43 INFO  [jdk-http-server-0] org.hibernate.validator.internal.util.Version: HV000001: Hibernate Validator 5.3.5.Final
2017-12-07 03:03:44 INFO  [jdk-http-server-0] org.hibernate.hql.internal.QueryTranslatorFactoryInitiator: HHH000397: Using ASTQueryTranslatorFactory
2017-12-07 03:03:44 INFO  [jdk-http-server-0] server.Game: server.Game@15f4701d
2017-12-07 03:03:44 INFO  [jdk-http-server-0] server.Game: server.Map@617fcce6
2017-12-07 03:03:44 INFO  [jdk-http-server-0] server.Game: server.Player@59ee740
2017-12-07 03:03:44 INFO  [jdk-http-server-0] server.Game: 107
2017-12-07 03:03:44 INFO  [jdk-http-server-0] server.Game: 107
2017-12-07 03:03:44 INFO  [jdk-http-server-0] org.hibernate.orm.connections.pooling: HHH10001008: Cleaning up connection pool [jdbc:sqlite:mydb.db]
2017-12-07 03:39:16 WARN  [jdk-http-server-0] org.hibernate.ejb.HibernatePersistence: HHH015016: Encountered a deprecated javax.persistence.spi.PersistenceProvider [org.hibernate.ejb.HibernatePersistence]; use [org.hibernate.jpa.HibernatePersistenceProvider] instead.
2017-12-07 03:39:16 WARN  [jdk-http-server-0] org.hibernate.ejb.HibernatePersistence: HHH015016: Encountered a deprecated javax.persistence.spi.PersistenceProvider [org.hibernate.ejb.HibernatePersistence]; use [org.hibernate.jpa.HibernatePersistenceProvider] instead.
2017-12-07 03:39:16 INFO  [jdk-http-server-0] org.hibernate.jpa.internal.util.LogHelper: HHH000204: Processing PersistenceUnitInfo [
	name: gameserver
	...]
2017-12-07 03:39:16 INFO  [jdk-http-server-0] org.hibernate.Version: HHH000412: Hibernate Core {5.2.11.Final}
2017-12-07 03:39:16 INFO  [jdk-http-server-0] org.hibernate.cfg.Environment: HHH000206: hibernate.properties not found
2017-12-07 03:39:16 INFO  [jdk-http-server-0] org.hibernate.annotations.common.Version: HCANN000001: Hibernate Commons Annotations {5.0.1.Final}
2017-12-07 03:39:16 INFO  [jdk-http-server-0] org.hibernate.dialect.Dialect: HHH000400: Using dialect: org.hibernate.dialect.SQLiteDialect
2017-12-07 03:39:16 WARN  [jdk-http-server-0] org.hibernate.orm.connections.pooling: HHH10001002: Using Hibernate built-in connection pool (not for production use!)
2017-12-07 03:39:16 INFO  [jdk-http-server-0] org.hibernate.orm.connections.pooling: HHH10001005: using driver [org.sqlite.JDBC] at URL [jdbc:sqlite:mydb.db]
2017-12-07 03:39:16 INFO  [jdk-http-server-0] org.hibernate.orm.connections.pooling: HHH10001001: Connection properties: {}
2017-12-07 03:39:16 INFO  [jdk-http-server-0] org.hibernate.orm.connections.pooling: HHH10001003: Autocommit mode: false
2017-12-07 03:39:16 INFO  [jdk-http-server-0] org.hibernate.engine.jdbc.connections.internal.DriverManagerConnectionProviderImpl: HHH000115: Hibernate connection pool size: 20 (min=1)
2017-12-07 03:39:16 INFO  [jdk-http-server-0] org.hibernate.dialect.Dialect: HHH000400: Using dialect: org.hibernate.dialect.SQLiteDialect
2017-12-07 03:39:16 INFO  [jdk-http-server-0] org.hibernate.engine.jdbc.env.internal.LobCreatorBuilderImpl: HHH000423: Disabling contextual LOB creation as JDBC driver reported JDBC version [2] less than 4
2017-12-07 03:39:16 INFO  [jdk-http-server-0] org.hibernate.validator.internal.util.Version: HV000001: Hibernate Validator 5.3.5.Final
2017-12-07 03:39:17 INFO  [jdk-http-server-0] org.hibernate.hql.internal.QueryTranslatorFactoryInitiator: HHH000397: Using ASTQueryTranslatorFactory
